[inst #1] addi $8,$0,6
Register Write to Reg: 0x08 Val: 0x00000006
[inst #2] addiu $9,$0,-25
Register Write to Reg: 0x09 Val: 0xFFFFFFE7
[inst #3] ori $10,$0,5
Register Write to Reg: 0x0A Val: 0x00000005
[inst #4] lui $11,4097
Register Write to Reg: 0x0B Val: 0x10010000
[inst #5] sll $12,$8,1
Register Write to Reg: 0x0C Val: 0x0000000C
[inst #6] srl $13,$8,1
Register Write to Reg: 0x0D Val: 0x00000003
[inst #7] xori $15,$10,4
Register Write to Reg: 0x0F Val: 0x00000001
[inst #8] lw $24,0($11)
Register Write to Reg: 0x18 Val: 0x00000006
[inst #9] sra $14,$9,1
Register Write to Reg: 0x0E Val: 0xFFFFFFF3
[inst #10] slti $25,$10,6
Register Write to Reg: 0x19 Val: 0x00000001
[inst #11] sltiu $16,$10,-6
Register Write to Reg: 0x10 Val: 0x00000001
[inst #12] sw $24,4($11)
Memory Write to Addr: 0x10010004 Val: 0x00000006
[inst #13] sllv $17,$8,$15
Register Write to Reg: 0x11 Val: 0x0000000C
[inst #14] srlv $18,$8,$15
Register Write to Reg: 0x12 Val: 0x00000003
[inst #15] srav $19,$9,$15
Register Write to Reg: 0x13 Val: 0xFFFFFFF3
[inst #16] add $20,$25,$16
Register Write to Reg: 0x14 Val: 0x00000002
[inst #17] addu $21,$24,$15
Register Write to Reg: 0x15 Val: 0x00000007
[inst #18] sub $22,$25,$16
Register Write to Reg: 0x16 Val: 0x00000000
[inst #19] subu $23,$9,$9
Register Write to Reg: 0x17 Val: 0x00000000
[inst #20] jal 4194404
Register Write to Reg: 0x1F Val: 0x00400050
[inst #21] nop 
[inst #22] nop 
[inst #23] nop 
[inst #24] jalr $31
Register Write to Reg: 0x1F Val: 0x00400074
[inst #25] nop 
[inst #26] andi $8,$10,4
Register Write to Reg: 0x08 Val: 0x00000004
[inst #27] and $9,$10,$10
Register Write to Reg: 0x09 Val: 0x00000005
[inst #28] or $10,$10,$12
Register Write to Reg: 0x0A Val: 0x0000000D
[inst #29] movn $15,$8,$0
[inst #30] movz $15,$8,$0
Register Write to Reg: 0x0F Val: 0x00000004
[inst #31] nop 
[inst #32] xor $11,$8,$10
Register Write to Reg: 0x0B Val: 0x00000009
[inst #33] nor $12,$10,$10
Register Write to Reg: 0x0C Val: 0xFFFFFFF2
[inst #34] beq $0,$0,5
[inst #35] nop 
[inst #36] bne $0,$8,-7
[inst #37] nop 
[inst #38] blez $14,5
[inst #39] nop 
[inst #40] bgtz $9,-7
[inst #41] nop 
[inst #42] j 4194496
[inst #43] nop 
[inst #44] halt 

